commit fa395c8e17937a7cdbc2176e62858ec954e024bb
Author: Robert Cohn <robert.s.cohn@intel.com>
Date:   Mon Nov 14 06:41:16 2022 -0500

    update

commit 8dea53fa52d8d561ab022338100f44dcbd48da60
Author: Robert Cohn <robert.s.cohn@intel.com>
Date:   Mon Nov 14 06:40:12 2022 -0500

    update

commit ab295066e7e53276d06fbbfb9b5fb1a4b65004cf
Author: Robert Cohn <robert.s.cohn@intel.com>
Date:   Mon Nov 14 06:38:13 2022 -0500

    update

commit 838ac633449dd50d613c3a954f5228c34027f834
Author: Robert Cohn <robert.s.cohn@intel.com>
Date:   Mon Nov 14 06:11:15 2022 -0500

    update

commit c7763a3cc1042900b1ab88a4d967fa7a07d491f1
Author: Robert Cohn <robert.s.cohn@intel.com>
Date:   Mon Nov 14 05:30:18 2022 -0500

    update

commit f74c5007ab50db54ac2857f17d3539bc6baf1491
Author: Robert Cohn <robert.s.cohn@intel.com>
Date:   Mon Nov 14 05:13:38 2022 -0500

    update

commit 6ddb15de5f24e35ebe4d9667346a58628b3a0939
Author: Robert Cohn <robert.s.cohn@intel.com>
Date:   Mon Nov 14 05:12:14 2022 -0500

    update

commit bf89504c64abcf4756939c713f9e48c3dede1ccf
Author: Robert Cohn <robert.s.cohn@intel.com>
Date:   Sun Nov 13 12:30:09 2022 -0500

    update

commit 7858e90dbf0b8d3892fe27ec3fbdbf7a9d357fd1
Author: Robert Cohn <robert.s.cohn@intel.com>
Date:   Sun Nov 13 12:26:42 2022 -0500

    update

commit 05fcc327f8c18deb695cbb39c70671b240b09557
Author: Robert Cohn <robert.s.cohn@intel.com>
Date:   Sun Nov 13 12:22:38 2022 -0500

    update README

commit 052150e554656baf9ab6f2a6c5c5e5791935b3d4
Author: Robert Cohn <robert.s.cohn@intel.com>
Date:   Sun Nov 13 12:08:42 2022 -0500

    update

commit 7b13693f755ed861c3df9cbf7616de8a07f1eda1
Author: Robert Cohn <robert.s.cohn@intel.com>
Date:   Sun Nov 13 12:02:38 2022 -0500

    update

commit 6aa9e8af4688bda4778aff2d95f6718619ab049d
Author: Robert Cohn <robert.s.cohn@intel.com>
Date:   Sun Nov 13 11:54:27 2022 -0500

    update

commit 607a231b4a38648c07c148d3e7042cbb0dc5633b
Author: Robert Cohn <robert.s.cohn@intel.com>
Date:   Sun Nov 13 11:51:16 2022 -0500

    update

commit 2dcf0bfa3188d1b211a1f27b7f555678be9aab0c
Author: Robert Cohn <robert.s.cohn@intel.com>
Date:   Sun Nov 13 11:40:24 2022 -0500

    update

commit aea249a7421bfababc4f0f49cf123837a1d6cfd9
Author: Robert Cohn <robert.s.cohn@intel.com>
Date:   Sun Nov 13 11:38:38 2022 -0500

    update

commit 887965f46b8d60d31a9f822516a474da5cdfe3c0
Author: Robert Cohn <robert.s.cohn@intel.com>
Date:   Sun Nov 13 11:36:50 2022 -0500

    update

commit 244e02b8ecbc37187be01d31817cbc0bd844a932
Author: Robert Cohn <robert.s.cohn@intel.com>
Date:   Sun Nov 13 11:33:51 2022 -0500

    update

commit 45ac66ab21d56f72ca1a0981ab0307410f68a838
Author: Robert Cohn <robert.s.cohn@intel.com>
Date:   Sun Nov 13 11:31:25 2022 -0500

    update

commit 449d716abfa8515633b4328496200134b3eabf4f
Author: Robert Cohn <robert.s.cohn@intel.com>
Date:   Sun Nov 13 11:17:46 2022 -0500

    update

commit 226f2c7c346e481f41ae7282b77de5a9defbd51d
Author: Robert Cohn <robert.s.cohn@intel.com>
Date:   Sun Nov 13 11:13:28 2022 -0500

    update

commit 3bba5f8eea48267430a69a53adeecdbe4ef6da5c
Author: Robert Cohn <robert.s.cohn@intel.com>
Date:   Sun Nov 13 10:57:33 2022 -0500

    update

commit 0a3624823597cc13425181ebab773a9e1021ffbe
Author: Robert Cohn <robert.s.cohn@intel.com>
Date:   Sun Nov 13 10:54:23 2022 -0500

    update

commit 82dbe8dbfcbe81f6f161ea2a0d98e9783ca993c0
Author: Robert Cohn <robert.s.cohn@intel.com>
Date:   Sun Nov 13 10:42:23 2022 -0500

    update

commit d35646e7eea7bb060c0c1c6d5d11e365f8bc40aa
Author: Robert Cohn <robert.s.cohn@intel.com>
Date:   Sun Nov 13 10:38:07 2022 -0500

    update

commit 865d9a756b273dc045bed71bd8b46916404aca73
Author: Robert Cohn <robert.s.cohn@intel.com>
Date:   Sun Nov 13 10:18:04 2022 -0500

    update

commit 51145892d2549e225b0efdfae5d18c75bf425aa4
Author: Robert Cohn <robert.s.cohn@intel.com>
Date:   Sun Nov 13 10:16:43 2022 -0500

    update

commit 523ddca32f0431ccde00e1c6b9934ff5d6af2c3a
Author: Robert Cohn <robert.s.cohn@intel.com>
Date:   Sun Nov 13 10:12:47 2022 -0500

    update

commit b6deb4cdb15edb5df4a4ba17a3bfc4bf18537c4b
Author: Robert Cohn <robert.s.cohn@intel.com>
Date:   Sun Nov 13 10:05:48 2022 -0500

    update

commit d90adb595f87a41ec75cc310d68d403a4b8cebe0
Author: Robert Cohn <robert.s.cohn@intel.com>
Date:   Sun Nov 13 10:01:08 2022 -0500

    update

commit eb5f173fcd5d717a42ce9ba4e08525af8c92a009
Author: Robert Cohn <robert.s.cohn@intel.com>
Date:   Sun Nov 13 09:58:18 2022 -0500

    update

commit 22b905db269f07e3c06d352a99702233e1c1308f
Author: Robert Cohn <robert.s.cohn@intel.com>
Date:   Sun Nov 13 09:56:30 2022 -0500

    update

commit ac167da3e8e5c14b040ff314e8edf88a61745bfc
Author: Robert Cohn <robert.s.cohn@intel.com>
Date:   Sun Nov 13 09:05:55 2022 -0500

    update

commit e0b36d6204ff8058e1fdc6bc40ae3b40761690f8
Author: Robert Cohn <robert.s.cohn@intel.com>
Date:   Sun Nov 13 09:04:29 2022 -0500

    update

commit 410d02e8ec2314033f796d2dfc99e9fc9b8f5a5d
Author: Robert Cohn <robert.s.cohn@intel.com>
Date:   Sun Nov 13 09:01:09 2022 -0500

    update

commit c8f5335b24a0e0a0021fcf45b3e482dcb8f8200a
Author: Robert Cohn <robert.s.cohn@intel.com>
Date:   Sun Nov 13 08:57:14 2022 -0500

    update

commit 5a45b8b56098d4c34b84383f7bf4e9b88085c3eb
Author: Robert Cohn <robert.s.cohn@intel.com>
Date:   Sun Nov 13 07:56:17 2022 -0500

    update

commit 21163b4be3fb1c9df870605d2b4603c393b166af
Author: Robert Cohn <robert.s.cohn@intel.com>
Date:   Sat Nov 12 09:41:26 2022 -0500

    update

commit 8575fe98d6c4c106326e29b8a88e8dfce50d96d0
Author: Robert Cohn <robert.s.cohn@intel.com>
Date:   Sat Nov 12 09:39:39 2022 -0500

    update

commit b3d6e9c149c681455e947bc4b8b4c9665f2e21c2
Author: Robert Cohn <robert.s.cohn@intel.com>
Date:   Sat Nov 12 09:38:13 2022 -0500

    update

commit 619c769da241bc19c5984dbc14c5b0fb18bd8c54
Author: Robert Cohn <robert.s.cohn@intel.com>
Date:   Sat Nov 12 09:36:53 2022 -0500

    update

commit 9d4e3550fa113a890aff31f68418585048e6bb3f
Author: Robert Cohn <robert.s.cohn@intel.com>
Date:   Sat Nov 12 09:23:42 2022 -0500

    update

commit 0151df35c855369cebee2e9b261d2cec33a99bde
Author: Robert Cohn <robert.s.cohn@intel.com>
Date:   Sat Nov 12 09:21:32 2022 -0500

    update

commit 621ecfdf032921c6e8a9fcff9123c8571b24f956
Author: Robert Cohn <robert.s.cohn@intel.com>
Date:   Sat Nov 12 09:17:30 2022 -0500

    update

commit 331c79bd14f03cee879a2734f7a1231ec4033b17
Author: Robert Cohn <robert.s.cohn@intel.com>
Date:   Sat Nov 12 09:15:23 2022 -0500

    update

commit 934fb8afc118a1a256970d512d2bec3e7e313843
Author: Robert Cohn <robert.s.cohn@intel.com>
Date:   Sat Nov 12 09:13:18 2022 -0500

    update

commit 08a1b1b19b4d68e4389f7cb1c550cfa64e1e1c84
Author: Robert Cohn <robert.s.cohn@intel.com>
Date:   Sat Nov 12 09:10:46 2022 -0500

    update

commit ac41dfd1638dd9e86e06e68334a19263534683e3
Author: Robert Cohn <robert.s.cohn@intel.com>
Date:   Sat Nov 12 08:34:33 2022 -0500

    Use vercel/ncc

commit 3a3edeb0c0a701e422ae09972f7434f908c9eae8
Author: Robert Cohn <robert.s.cohn@intel.com>
Date:   Sat Nov 12 08:29:38 2022 -0500

    first action

commit a996ce1f10b54ac21a986b56350059e461539057
Author: Robert Cohn <rscohn2@gmail.com>
Date:   Sat Nov 12 08:21:14 2022 -0500

    Initial commit
